[31merror[39m | 14-Feb-2023 19:54:09 | Error al crear usuario L52 SRC/SERVICES/AUTH userList validation failed: profileThumbnail: Path `profileThumbnail` is required.
[31merror[39m | 14-Feb-2023 19:55:27 | Error al crear usuario L52 SRC/SERVICES/AUTH userList validation failed: name: Path `name` is required., location: Path `location` is required., age: Path `age` is required., phone: Path `phone` is required., profileThumbnail: Path `profileThumbnail` is required.
[31merror[39m | 14-Feb-2023 19:58:38 | Error al crear usuario L52 SRC/SERVICES/AUTH userList validation failed: name: Path `name` is required., location: Path `location` is required., age: Path `age` is required., phone: Path `phone` is required., profileThumbnail: Path `profileThumbnail` is required.
[31merror[39m | 14-Feb-2023 20:01:23 | Error al crear usuario L52 SRC/SERVICES/AUTH userList validation failed: name: Path `name` is required., location: Path `location` is required., age: Path `age` is required., phone: Path `phone` is required., profileThumbnail: Path `profileThumbnail` is required.
[31merror[39m | 14-Feb-2023 20:02:33 | Error al crear usuario L52 SRC/SERVICES/AUTH userList validation failed: name: Path `name` is required., location: Path `location` is required., age: Path `age` is required., phone: Path `phone` is required., profileThumbnail: Path `profileThumbnail` is required.
[31merror[39m | 14-Feb-2023 20:03:13 | Error al crear usuario L52 SRC/SERVICES/AUTH userList validation failed: name: Path `name` is required., location: Path `location` is required., age: Path `age` is required., phone: Path `phone` is required., profileThumbnail: Path `profileThumbnail` is required.
[31merror[39m | 14-Feb-2023 20:45:50 | Error al crear usuario L26 SRC/SERVICES/AUTH  Cannot read properties of null (reading 'isValidPassword')
[31merror[39m | 14-Feb-2023 20:45:50 | Cannot read properties of null (reading 'isValidPassword')
[31merror[39m | 14-Feb-2023 20:46:14 | Error al crear usuario L26 SRC/SERVICES/AUTH  Cannot read properties of null (reading 'isValidPassword')
[31merror[39m | 14-Feb-2023 20:46:14 | Cannot read properties of null (reading 'isValidPassword')
[31merror[39m | 18-Feb-2023 21:44:53 | Error initializing connection to DB  queryTxt ETIMEOUT cluster0.gf6h0pe.mongodb.net
[31merror[39m | 19-Feb-2023 00:06:02 | Error saving message to DB  chatMessages validation failed: author: Cast to Embedded failed for value "[]" (type Array) at path "author" because of "ObjectExpectedError", text: Cast to string failed for value "{ email: 'tomas@gmail.com', text: 'asa' }" (type Object) at path "text"
[31merror[39m | 19-Feb-2023 00:08:05 | Error saving message to DB  chatMessages validation failed: author: Cast to Embedded failed for value "[]" (type Array) at path "author" because of "ObjectExpectedError"
[31merror[39m | 19-Feb-2023 00:12:09 | Error saving message in DB  chatMessages validation failed: author: Cast to Embedded failed for value "[]" (type Array) at path "author" because of "ObjectExpectedError"
[31merror[39m | 19-Feb-2023 00:14:33 | Error saving message in DB  chatMessages validation failed: author: Cast to Embedded failed for value "[]" (type Array) at path "author" because of "ObjectExpectedError"
[31merror[39m | 19-Feb-2023 00:16:02 | Error saving message in DB  chatMessages validation failed: author: Cast to Embedded failed for value "[]" (type Array) at path "author" because of "ObjectExpectedError"
[31merror[39m | 19-Feb-2023 00:17:01 | Error saving message in DB  chatMessages validation failed: author: Cast to Embedded failed for value "[]" (type Array) at path "author" because of "ObjectExpectedError"
[31merror[39m | 19-Feb-2023 00:19:00 | Error saving message in DB  chatMessages validation failed: author: Cast to Embedded failed for value "[
  {
    _id: new ObjectId("63ec2c46c9bea40039ea5c04"),
    email: 'tomas@gmail.com',
    password: '$2b$10$hPaLFlR3W1YtiRHKOCTsW.Z6UunudKT.F9.K2lbXe9pUghsgJ7Rme',
    name: 'tomas',
    location: 'tomas',
    age: 312,
    phone: 132,
    profileThumbnail: 'tomas',
    createdAt: 2023-02-15T00:50:14.455Z,
    updatedAt: 2023-02-15T00:50:14.455Z
  }
]" (type Array) at path "author" because of "ObjectExpectedError"
[31merror[39m | 19-Feb-2023 00:20:29 | Error saving message in DB  E11000 duplicate key error collection: test.chatmessages index: author.email_1 dup key: { author.email: "tomas@gmail.com" }
[31merror[39m | 19-Feb-2023 00:23:13 | Error saving message in DB  E11000 duplicate key error collection: test.chatmessages index: author.email_1 dup key: { author.email: "tomas@gmail.com" }
[31merror[39m | 19-Feb-2023 00:26:01 | Error saving message in DB  E11000 duplicate key error collection: test.chatmessages index: author.email_1 dup key: { author.email: "tomas@gmail.com" }
[31merror[39m | 19-Feb-2023 00:29:05 | Error saving message in DB  E11000 duplicate key error collection: test.chatmessages index: author.email_1 dup key: { author.email: "tomas@gmail.com" }
[31merror[39m | 19-Feb-2023 00:32:06 | Error saving message in DB  E11000 duplicate key error collection: test.chatmessages index: author.email_1 dup key: { author.email: "tomas@gmail.com" }
[31merror[39m | 19-Feb-2023 00:35:29 | Error saving message in DB  E11000 duplicate key error collection: test.chatmessages index: author.email_1 dup key: { author.email: "tomas@gmail.com" }
[31merror[39m | 19-Feb-2023 00:36:16 | Error saving message in DB  E11000 duplicate key error collection: test.chatmessages index: author.email_1 dup key: { author.email: "tomas@gmail.com" }
[31merror[39m | 19-Feb-2023 00:36:28 | Error saving message in DB  E11000 duplicate key error collection: test.chatmessages index: author.email_1 dup key: { author.email: "tomas@gmail.com" }
[31merror[39m | 19-Feb-2023 00:42:58 | Error saving message in DB  E11000 duplicate key error collection: test.chatmessages index: author.email_1 dup key: { author.email: "tomas@gmail.com" }
[31merror[39m | 19-Feb-2023 00:44:04 | Error saving message in DB  E11000 duplicate key error collection: test.chatmessages index: author.email_1 dup key: { author.email: "tomas@gmail.com" }
[31merror[39m | 19-Feb-2023 00:53:48 | Error saving message in DB  E11000 duplicate key error collection: test.chatmessages index: author.email_1 dup key: { author.email: "tomas@gmail.com" }
[31merror[39m | 19-Feb-2023 01:01:42 | Error saving message in DB  E11000 duplicate key error collection: test.chatmessages index: author.email_1 dup key: { author.email: "tomas@gmail.com" }
